[2013-08-18 12:57:33.956826 +0000]  stbt-run: Arguments:
[2013-08-18 12:57:33.956980 +0000]  control: test
[2013-08-18 12:57:33.957007 +0000]  args: []
[2013-08-18 12:57:33.957027 +0000]  verbose: 1
[2013-08-18 12:57:33.957045 +0000]  script: /home/vagrant/stb-tester.com/runner_example/test.py
[2013-08-18 12:57:33.957060 +0000]  source_pipeline: videotestsrc is-live=true
[2013-08-18 12:57:33.957074 +0000]  sink_pipeline: ximagesink sync=false
[2013-08-18 12:57:33.957086 +0000]  save_video: video.webm
[2013-08-18 12:57:33.980645 +0000]  stbt-run: Saving video to 'video.webm'
[2013-08-18 12:57:34.011965 +0000]  stbt-run: source pipeline: videotestsrc is-live=true ! queue leaky=downstream name=q ! ffmpegcolorspace ! appsink name=appsink max-buffers=1 drop=true sync=false emit-signals=true caps=video/x-raw-rgb,bpp=24,depth=24,endianness=4321,red_mask=0xFF,green_mask=0xFF00,blue_mask=0xFF0000
[2013-08-18 12:57:34.012061 +0000]  stbt-run: sink pipeline: appsrc name=appsrc ! tee name=t t. ! queue leaky=downstream ! ffmpegcolorspace ! vp8enc speed=7 ! webmmux ! filesink location=video.webm t. ! queue leaky=downstream ! ffmpegcolorspace ! ximagesink sync=false
[2013-08-18 12:57:34.054372 +0000]  stbt-run: Searching for /home/vagrant/stb-tester.com/runner_example/videotestsrc-redblue.png
[2013-08-18 12:57:34.071679 +0000]  stbt-run: Match found: MatchResult(timestamp=37627581L, match=True, position=Position(x=228, y=0), first_pass_result=0.9999998662721765)
[2013-08-18 12:57:34.109422 +0000]  stbt-run: Match found: MatchResult(timestamp=70960914L, match=True, position=Position(x=228, y=0), first_pass_result=0.9999998662721765)
[2013-08-18 12:57:34.135125 +0000]  stbt-run: Match found: MatchResult(timestamp=104294248L, match=True, position=Position(x=228, y=0), first_pass_result=0.999999732544353)
[2013-08-18 12:57:34.172189 +0000]  stbt-run: Match found: MatchResult(timestamp=137627581L, match=True, position=Position(x=228, y=0), first_pass_result=1.0)
[2013-08-18 12:57:34.210576 +0000]  stbt-run: Match found: MatchResult(timestamp=170960914L, match=True, position=Position(x=228, y=0), first_pass_result=1.0)
[2013-08-18 12:57:34.237756 +0000]  stbt-run: Match found: MatchResult(timestamp=204294248L, match=True, position=Position(x=228, y=0), first_pass_result=1.0)
[2013-08-18 12:57:34.276637 +0000]  stbt-run: Match found: MatchResult(timestamp=237627581L, match=True, position=Position(x=228, y=0), first_pass_result=1.0)
[2013-08-18 12:57:34.308647 +0000]  stbt-run: Match found: MatchResult(timestamp=270960914L, match=True, position=Position(x=228, y=0), first_pass_result=0.9999998662721765)
[2013-08-18 12:57:34.335907 +0000]  stbt-run: Match found: MatchResult(timestamp=304294248L, match=True, position=Position(x=228, y=0), first_pass_result=1.0)
[2013-08-18 12:57:34.377314 +0000]  stbt-run: Match found: MatchResult(timestamp=337627581L, match=True, position=Position(x=228, y=0), first_pass_result=1.0)
[2013-08-18 12:57:34.403539 +0000]  stbt-run: Match found: MatchResult(timestamp=370960914L, match=True, position=Position(x=228, y=0), first_pass_result=1.0)
[2013-08-18 12:57:34.444406 +0000]  stbt-run: Match found: MatchResult(timestamp=404294248L, match=True, position=Position(x=228, y=0), first_pass_result=1.0)
[2013-08-18 12:57:34.472838 +0000]  stbt-run: Match found: MatchResult(timestamp=437627581L, match=True, position=Position(x=228, y=0), first_pass_result=1.0)
[2013-08-18 12:57:34.508174 +0000]  stbt-run: Match found: MatchResult(timestamp=470960914L, match=True, position=Position(x=228, y=0), first_pass_result=1.0)
[2013-08-18 12:57:34.536774 +0000]  stbt-run: Match found: MatchResult(timestamp=504294248L, match=True, position=Position(x=228, y=0), first_pass_result=1.0)
[2013-08-18 12:57:34.576718 +0000]  stbt-run: Match found: MatchResult(timestamp=537627581L, match=True, position=Position(x=228, y=0), first_pass_result=1.0)
[2013-08-18 12:57:34.607424 +0000]  stbt-run: Match found: MatchResult(timestamp=570960914L, match=True, position=Position(x=228, y=0), first_pass_result=0.9999998662721765)
[2013-08-18 12:57:34.636124 +0000]  stbt-run: Match found: MatchResult(timestamp=604294248L, match=True, position=Position(x=228, y=0), first_pass_result=0.999999732544353)
[2013-08-18 12:57:34.678419 +0000]  stbt-run: Match found: MatchResult(timestamp=637627581L, match=True, position=Position(x=228, y=0), first_pass_result=1.0)
[2013-08-18 12:57:34.706143 +0000]  stbt-run: Match found: MatchResult(timestamp=670960914L, match=True, position=Position(x=228, y=0), first_pass_result=1.0)
[2013-08-18 12:57:34.746634 +0000]  stbt-run: Match found: MatchResult(timestamp=704294248L, match=True, position=Position(x=228, y=0), first_pass_result=0.9999998662721765)
[2013-08-18 12:57:34.769835 +0000]  stbt-run: Match found: MatchResult(timestamp=737627581L, match=True, position=Position(x=228, y=0), first_pass_result=0.9999998662721765)
[2013-08-18 12:57:34.809679 +0000]  stbt-run: Match found: MatchResult(timestamp=770960914L, match=True, position=Position(x=228, y=0), first_pass_result=1.0)
[2013-08-18 12:57:34.839039 +0000]  stbt-run: Match found: MatchResult(timestamp=804294248L, match=True, position=Position(x=228, y=0), first_pass_result=1.0)
[2013-08-18 12:57:34.839152 +0000]  stbt-run: Matched videotestsrc-redblue.png
[2013-08-18 12:57:34.841537 +0000]  stbt-run: Pressed checkers-8
[2013-08-18 12:57:34.842570 +0000]  stbt-run: Searching for /home/vagrant/stb-tester.com/runner_example/videotestsrc-checkers-8.png
[2013-08-18 12:57:34.881839 +0000]  stbt-run: Weak match found: MatchResult(timestamp=837627581L, match=False, position=Position(x=45, y=0), first_pass_result=0.2928934097290039)
[2013-08-18 12:57:34.923527 +0000]  stbt-run: Match found: MatchResult(timestamp=870960914L, match=True, position=Position(x=0, y=0), first_pass_result=1.0000001201460975)
[2013-08-18 12:57:34.966438 +0000]  stbt-run: Match found: MatchResult(timestamp=904294248L, match=True, position=Position(x=0, y=0), first_pass_result=1.0000001201460975)
[2013-08-18 12:57:35.009705 +0000]  stbt-run: Match found: MatchResult(timestamp=937627581L, match=True, position=Position(x=0, y=0), first_pass_result=1.0000001201460975)
[2013-08-18 12:57:35.049957 +0000]  stbt-run: Match found: MatchResult(timestamp=970960914L, match=True, position=Position(x=0, y=0), first_pass_result=1.0000001201460975)
[2013-08-18 12:57:35.090640 +0000]  stbt-run: Match found: MatchResult(timestamp=1004294248L, match=True, position=Position(x=0, y=0), first_pass_result=1.0000001201460975)
[2013-08-18 12:57:35.127725 +0000]  stbt-run: Match found: MatchResult(timestamp=1070960914L, match=True, position=Position(x=0, y=0), first_pass_result=1.0000001201460975)
[2013-08-18 12:57:35.156194 +0000]  stbt-run: Match found: MatchResult(timestamp=1104294248L, match=True, position=Position(x=0, y=0), first_pass_result=1.0000001201460975)
[2013-08-18 12:57:35.180923 +0000]  stbt-run: Match found: MatchResult(timestamp=1137627581L, match=True, position=Position(x=0, y=0), first_pass_result=1.0000001201460975)
[2013-08-18 12:57:35.208536 +0000]  stbt-run: Match found: MatchResult(timestamp=1170960914L, match=True, position=Position(x=0, y=0), first_pass_result=1.0000001201460975)
[2013-08-18 12:57:35.242377 +0000]  stbt-run: Match found: MatchResult(timestamp=1204294248L, match=True, position=Position(x=0, y=0), first_pass_result=1.0000001201460975)
[2013-08-18 12:57:35.277148 +0000]  stbt-run: Match found: MatchResult(timestamp=1237627581L, match=True, position=Position(x=0, y=0), first_pass_result=1.0000001201460975)
[2013-08-18 12:57:35.308985 +0000]  stbt-run: Match found: MatchResult(timestamp=1270960914L, match=True, position=Position(x=0, y=0), first_pass_result=1.0000001201460975)
[2013-08-18 12:57:35.341132 +0000]  stbt-run: Match found: MatchResult(timestamp=1304294248L, match=True, position=Position(x=0, y=0), first_pass_result=1.0000001201460975)
[2013-08-18 12:57:35.382964 +0000]  stbt-run: Match found: MatchResult(timestamp=1337627581L, match=True, position=Position(x=0, y=0), first_pass_result=1.0000001201460975)
[2013-08-18 12:57:35.407156 +0000]  stbt-run: Match found: MatchResult(timestamp=1370960914L, match=True, position=Position(x=0, y=0), first_pass_result=1.0000001201460975)
[2013-08-18 12:57:35.447789 +0000]  stbt-run: Match found: MatchResult(timestamp=1404294248L, match=True, position=Position(x=0, y=0), first_pass_result=1.0000001201460975)
[2013-08-18 12:57:35.474714 +0000]  stbt-run: Match found: MatchResult(timestamp=1437627581L, match=True, position=Position(x=0, y=0), first_pass_result=1.0000001201460975)
[2013-08-18 12:57:35.516526 +0000]  stbt-run: Match found: MatchResult(timestamp=1470960914L, match=True, position=Position(x=0, y=0), first_pass_result=1.0000001201460975)
[2013-08-18 12:57:35.540548 +0000]  stbt-run: Match found: MatchResult(timestamp=1504294248L, match=True, position=Position(x=0, y=0), first_pass_result=1.0000001201460975)
[2013-08-18 12:57:35.581534 +0000]  stbt-run: Match found: MatchResult(timestamp=1537627581L, match=True, position=Position(x=0, y=0), first_pass_result=1.0000001201460975)
[2013-08-18 12:57:35.607666 +0000]  stbt-run: Match found: MatchResult(timestamp=1570960914L, match=True, position=Position(x=0, y=0), first_pass_result=1.0000001201460975)
[2013-08-18 12:57:35.648729 +0000]  stbt-run: Match found: MatchResult(timestamp=1604294248L, match=True, position=Position(x=0, y=0), first_pass_result=1.0000001201460975)
[2013-08-18 12:57:35.675330 +0000]  stbt-run: Match found: MatchResult(timestamp=1637627581L, match=True, position=Position(x=0, y=0), first_pass_result=1.0000001201460975)
[2013-08-18 12:57:35.708005 +0000]  stbt-run: Match found: MatchResult(timestamp=1670960914L, match=True, position=Position(x=0, y=0), first_pass_result=1.0000001201460975)
[2013-08-18 12:57:35.708358 +0000]  stbt-run: Matched videotestsrc-checkers-8.png
[2013-08-18 12:57:35.711738 +0000]  stbt-run: Waiting for 24 out of 24 frames with motion
[2013-08-18 12:57:35.711868 +0000]  stbt-run: Searching for motion
[2013-08-18 12:57:35.760499 +0000]  stbt-run: No motion found: MotionResult(timestamp=1737627581L, motion=False)
[2013-08-18 12:57:35.800948 +0000]  stbt-run: No motion found: MotionResult(timestamp=1770960914L, motion=False)
[2013-08-18 12:57:35.822310 +0000]  stbt-run: No motion found: MotionResult(timestamp=1804294248L, motion=False)
[2013-08-18 12:57:35.862519 +0000]  stbt-run: No motion found: MotionResult(timestamp=1837627581L, motion=False)
[2013-08-18 12:57:35.899300 +0000]  stbt-run: No motion found: MotionResult(timestamp=1870960914L, motion=False)
[2013-08-18 12:57:35.922167 +0000]  stbt-run: No motion found: MotionResult(timestamp=1904294248L, motion=False)
[2013-08-18 12:57:35.961394 +0000]  stbt-run: No motion found: MotionResult(timestamp=1937627581L, motion=False)
[2013-08-18 12:57:36.001804 +0000]  stbt-run: No motion found: MotionResult(timestamp=1970960914L, motion=False)
[2013-08-18 12:57:36.022603 +0000]  stbt-run: No motion found: MotionResult(timestamp=2004294248L, motion=False)
[2013-08-18 12:57:36.060630 +0000]  stbt-run: No motion found: MotionResult(timestamp=2037627581L, motion=False)
[2013-08-18 12:57:36.099980 +0000]  stbt-run: No motion found: MotionResult(timestamp=2070960914L, motion=False)
[2013-08-18 12:57:36.123325 +0000]  stbt-run: No motion found: MotionResult(timestamp=2104294248L, motion=False)
[2013-08-18 12:57:36.161617 +0000]  stbt-run: No motion found: MotionResult(timestamp=2137627581L, motion=False)
[2013-08-18 12:57:36.199308 +0000]  stbt-run: No motion found: MotionResult(timestamp=2170960914L, motion=False)
[2013-08-18 12:57:36.237935 +0000]  stbt-run: No motion found: MotionResult(timestamp=2204294248L, motion=False)
[2013-08-18 12:57:36.258990 +0000]  stbt-run: No motion found: MotionResult(timestamp=2237627581L, motion=False)
[2013-08-18 12:57:36.305710 +0000]  stbt-run: No motion found: MotionResult(timestamp=2270960914L, motion=False)
[2013-08-18 12:57:36.321765 +0000]  stbt-run: No motion found: MotionResult(timestamp=2304294248L, motion=False)
[2013-08-18 12:57:36.360980 +0000]  stbt-run: No motion found: MotionResult(timestamp=2337627581L, motion=False)
[2013-08-18 12:57:36.400807 +0000]  stbt-run: No motion found: MotionResult(timestamp=2370960914L, motion=False)
[2013-08-18 12:57:36.421953 +0000]  stbt-run: No motion found: MotionResult(timestamp=2404294248L, motion=False)
[2013-08-18 12:57:36.460590 +0000]  stbt-run: No motion found: MotionResult(timestamp=2437627581L, motion=False)
[2013-08-18 12:57:36.500111 +0000]  stbt-run: No motion found: MotionResult(timestamp=2470960914L, motion=False)
[2013-08-18 12:57:36.526004 +0000]  stbt-run: No motion found: MotionResult(timestamp=2504294248L, motion=False)
[2013-08-18 12:57:36.564971 +0000]  stbt-run: No motion found: MotionResult(timestamp=2537627581L, motion=False)
[2013-08-18 12:57:36.604232 +0000]  stbt-run: No motion found: MotionResult(timestamp=2570960914L, motion=False)
[2013-08-18 12:57:36.626480 +0000]  stbt-run: No motion found: MotionResult(timestamp=2604294248L, motion=False)
[2013-08-18 12:57:36.664795 +0000]  stbt-run: No motion found: MotionResult(timestamp=2637627581L, motion=False)
[2013-08-18 12:57:36.703408 +0000]  stbt-run: No motion found: MotionResult(timestamp=2670960914L, motion=False)
[2013-08-18 12:57:36.725637 +0000]  stbt-run: No motion found: MotionResult(timestamp=2704294248L, motion=False)
[2013-08-18 12:57:36.763221 +0000]  stbt-run: No motion found: MotionResult(timestamp=2737627581L, motion=False)
[2013-08-18 12:57:36.802334 +0000]  stbt-run: No motion found: MotionResult(timestamp=2770960914L, motion=False)
[2013-08-18 12:57:36.825497 +0000]  stbt-run: No motion found: MotionResult(timestamp=2804294248L, motion=False)
[2013-08-18 12:57:36.863443 +0000]  stbt-run: No motion found: MotionResult(timestamp=2837627581L, motion=False)
[2013-08-18 12:57:36.900387 +0000]  stbt-run: No motion found: MotionResult(timestamp=2870960914L, motion=False)
[2013-08-18 12:57:36.922595 +0000]  stbt-run: No motion found: MotionResult(timestamp=2904294248L, motion=False)
[2013-08-18 12:57:36.960426 +0000]  stbt-run: No motion found: MotionResult(timestamp=2937627581L, motion=False)
[2013-08-18 12:57:36.998138 +0000]  stbt-run: No motion found: MotionResult(timestamp=2970960914L, motion=False)
[2013-08-18 12:57:37.037482 +0000]  stbt-run: No motion found: MotionResult(timestamp=3004294248L, motion=False)
[2013-08-18 12:57:37.058950 +0000]  stbt-run: No motion found: MotionResult(timestamp=3037627581L, motion=False)
[2013-08-18 12:57:37.097123 +0000]  stbt-run: No motion found: MotionResult(timestamp=3070960914L, motion=False)
[2013-08-18 12:57:37.136840 +0000]  stbt-run: No motion found: MotionResult(timestamp=3104294248L, motion=False)
[2013-08-18 12:57:37.157921 +0000]  stbt-run: No motion found: MotionResult(timestamp=3137627581L, motion=False)
[2013-08-18 12:57:37.196516 +0000]  stbt-run: No motion found: MotionResult(timestamp=3170960914L, motion=False)
[2013-08-18 12:57:37.237316 +0000]  stbt-run: No motion found: MotionResult(timestamp=3204294248L, motion=False)
[2013-08-18 12:57:37.265348 +0000]  stbt-run: No motion found: MotionResult(timestamp=3237627581L, motion=False)
[2013-08-18 12:57:37.289555 +0000]  stbt-run: No motion found: MotionResult(timestamp=3270960914L, motion=False)
[2013-08-18 12:57:37.327137 +0000]  stbt-run: No motion found: MotionResult(timestamp=3304294248L, motion=False)
[2013-08-18 12:57:37.368593 +0000]  stbt-run: No motion found: MotionResult(timestamp=3337627581L, motion=False)
[2013-08-18 12:57:37.391912 +0000]  stbt-run: No motion found: MotionResult(timestamp=3370960914L, motion=False)
[2013-08-18 12:57:37.430763 +0000]  stbt-run: No motion found: MotionResult(timestamp=3404294248L, motion=False)
[2013-08-18 12:57:37.468838 +0000]  stbt-run: No motion found: MotionResult(timestamp=3437627581L, motion=False)
[2013-08-18 12:57:37.489354 +0000]  stbt-run: No motion found: MotionResult(timestamp=3470960914L, motion=False)
[2013-08-18 12:57:37.529717 +0000]  stbt-run: No motion found: MotionResult(timestamp=3504294248L, motion=False)
[2013-08-18 12:57:37.569508 +0000]  stbt-run: No motion found: MotionResult(timestamp=3537627581L, motion=False)
[2013-08-18 12:57:37.590197 +0000]  stbt-run: No motion found: MotionResult(timestamp=3570960914L, motion=False)
[2013-08-18 12:57:37.628090 +0000]  stbt-run: No motion found: MotionResult(timestamp=3604294248L, motion=False)
[2013-08-18 12:57:37.667854 +0000]  stbt-run: No motion found: MotionResult(timestamp=3637627581L, motion=False)
[2013-08-18 12:57:37.688119 +0000]  stbt-run: No motion found: MotionResult(timestamp=3670960914L, motion=False)
[2013-08-18 12:57:37.726842 +0000]  stbt-run: No motion found: MotionResult(timestamp=3704294248L, motion=False)
[2013-08-18 12:57:37.765745 +0000]  stbt-run: No motion found: MotionResult(timestamp=3737627581L, motion=False)
[2013-08-18 12:57:37.788426 +0000]  stbt-run: No motion found: MotionResult(timestamp=3770960914L, motion=False)
[2013-08-18 12:57:37.826925 +0000]  stbt-run: No motion found: MotionResult(timestamp=3804294248L, motion=False)
[2013-08-18 12:57:37.863889 +0000]  stbt-run: No motion found: MotionResult(timestamp=3837627581L, motion=False)
[2013-08-18 12:57:37.901788 +0000]  stbt-run: No motion found: MotionResult(timestamp=3870960914L, motion=False)
[2013-08-18 12:57:37.922527 +0000]  stbt-run: No motion found: MotionResult(timestamp=3904294248L, motion=False)
[2013-08-18 12:57:37.960501 +0000]  stbt-run: No motion found: MotionResult(timestamp=3937627581L, motion=False)
[2013-08-18 12:57:37.998990 +0000]  stbt-run: No motion found: MotionResult(timestamp=3970960914L, motion=False)
[2013-08-18 12:57:38.037422 +0000]  stbt-run: No motion found: MotionResult(timestamp=4004294248L, motion=False)
[2013-08-18 12:57:38.057764 +0000]  stbt-run: No motion found: MotionResult(timestamp=4037627581L, motion=False)
[2013-08-18 12:57:38.095743 +0000]  stbt-run: No motion found: MotionResult(timestamp=4070960914L, motion=False)
[2013-08-18 12:57:38.133165 +0000]  stbt-run: No motion found: MotionResult(timestamp=4104294248L, motion=False)
[2013-08-18 12:57:38.170799 +0000]  stbt-run: No motion found: MotionResult(timestamp=4137627581L, motion=False)
[2013-08-18 12:57:38.192132 +0000]  stbt-run: No motion found: MotionResult(timestamp=4170960914L, motion=False)
[2013-08-18 12:57:38.229516 +0000]  stbt-run: No motion found: MotionResult(timestamp=4204294248L, motion=False)
[2013-08-18 12:57:38.268466 +0000]  stbt-run: No motion found: MotionResult(timestamp=4237627581L, motion=False)
[2013-08-18 12:57:38.289887 +0000]  stbt-run: No motion found: MotionResult(timestamp=4270960914L, motion=False)
[2013-08-18 12:57:38.331364 +0000]  stbt-run: No motion found: MotionResult(timestamp=4304294248L, motion=False)
[2013-08-18 12:57:38.355007 +0000]  stbt-run: No motion found: MotionResult(timestamp=4337627581L, motion=False)
[2013-08-18 12:57:38.392250 +0000]  stbt-run: No motion found: MotionResult(timestamp=4370960914L, motion=False)
[2013-08-18 12:57:38.428849 +0000]  stbt-run: No motion found: MotionResult(timestamp=4404294248L, motion=False)
[2013-08-18 12:57:38.467324 +0000]  stbt-run: No motion found: MotionResult(timestamp=4437627581L, motion=False)
[2013-08-18 12:57:38.488233 +0000]  stbt-run: No motion found: MotionResult(timestamp=4470960914L, motion=False)
[2013-08-18 12:57:38.525750 +0000]  stbt-run: No motion found: MotionResult(timestamp=4504294248L, motion=False)
[2013-08-18 12:57:38.563589 +0000]  stbt-run: No motion found: MotionResult(timestamp=4537627581L, motion=False)
[2013-08-18 12:57:38.602762 +0000]  stbt-run: No motion found: MotionResult(timestamp=4570960914L, motion=False)
[2013-08-18 12:57:38.622866 +0000]  stbt-run: No motion found: MotionResult(timestamp=4604294248L, motion=False)
[2013-08-18 12:57:38.660799 +0000]  stbt-run: No motion found: MotionResult(timestamp=4637627581L, motion=False)
[2013-08-18 12:57:38.698830 +0000]  stbt-run: No motion found: MotionResult(timestamp=4670960914L, motion=False)
[2013-08-18 12:57:38.736710 +0000]  stbt-run: No motion found: MotionResult(timestamp=4704294248L, motion=False)
[2013-08-18 12:57:38.758421 +0000]  stbt-run: No motion found: MotionResult(timestamp=4737627581L, motion=False)
[2013-08-18 12:57:38.796058 +0000]  stbt-run: No motion found: MotionResult(timestamp=4770960914L, motion=False)
[2013-08-18 12:57:38.834371 +0000]  stbt-run: No motion found: MotionResult(timestamp=4804294248L, motion=False)
[2013-08-18 12:57:38.855046 +0000]  stbt-run: No motion found: MotionResult(timestamp=4837627581L, motion=False)
[2013-08-18 12:57:38.894053 +0000]  stbt-run: No motion found: MotionResult(timestamp=4870960914L, motion=False)
[2013-08-18 12:57:38.932180 +0000]  stbt-run: No motion found: MotionResult(timestamp=4904294248L, motion=False)
[2013-08-18 12:57:38.954747 +0000]  stbt-run: No motion found: MotionResult(timestamp=4937627581L, motion=False)
[2013-08-18 12:57:38.994345 +0000]  stbt-run: No motion found: MotionResult(timestamp=4970960914L, motion=False)
[2013-08-18 12:57:39.031699 +0000]  stbt-run: No motion found: MotionResult(timestamp=5004294248L, motion=False)
[2013-08-18 12:57:39.069778 +0000]  stbt-run: No motion found: MotionResult(timestamp=5037627581L, motion=False)
[2013-08-18 12:57:39.090709 +0000]  stbt-run: No motion found: MotionResult(timestamp=5070960914L, motion=False)
[2013-08-18 12:57:39.127429 +0000]  stbt-run: No motion found: MotionResult(timestamp=5104294248L, motion=False)
[2013-08-18 12:57:39.168185 +0000]  stbt-run: No motion found: MotionResult(timestamp=5137627581L, motion=False)
[2013-08-18 12:57:39.191298 +0000]  stbt-run: No motion found: MotionResult(timestamp=5170960914L, motion=False)
[2013-08-18 12:57:39.228679 +0000]  stbt-run: No motion found: MotionResult(timestamp=5204294248L, motion=False)
[2013-08-18 12:57:39.269438 +0000]  stbt-run: No motion found: MotionResult(timestamp=5237627581L, motion=False)
[2013-08-18 12:57:39.289926 +0000]  stbt-run: No motion found: MotionResult(timestamp=5270960914L, motion=False)
[2013-08-18 12:57:39.328683 +0000]  stbt-run: No motion found: MotionResult(timestamp=5304294248L, motion=False)
[2013-08-18 12:57:39.366547 +0000]  stbt-run: No motion found: MotionResult(timestamp=5337627581L, motion=False)
[2013-08-18 12:57:39.388617 +0000]  stbt-run: No motion found: MotionResult(timestamp=5370960914L, motion=False)
[2013-08-18 12:57:39.426660 +0000]  stbt-run: No motion found: MotionResult(timestamp=5404294248L, motion=False)
[2013-08-18 12:57:39.465347 +0000]  stbt-run: No motion found: MotionResult(timestamp=5437627581L, motion=False)
[2013-08-18 12:57:39.502309 +0000]  stbt-run: No motion found: MotionResult(timestamp=5470960914L, motion=False)
[2013-08-18 12:57:39.522394 +0000]  stbt-run: No motion found: MotionResult(timestamp=5504294248L, motion=False)
[2013-08-18 12:57:39.561274 +0000]  stbt-run: No motion found: MotionResult(timestamp=5537627581L, motion=False)
[2013-08-18 12:57:39.599959 +0000]  stbt-run: No motion found: MotionResult(timestamp=5570960914L, motion=False)
[2013-08-18 12:57:39.622397 +0000]  stbt-run: No motion found: MotionResult(timestamp=5604294248L, motion=False)
[2013-08-18 12:57:39.659565 +0000]  stbt-run: No motion found: MotionResult(timestamp=5637627581L, motion=False)
[2013-08-18 12:57:39.698639 +0000]  stbt-run: No motion found: MotionResult(timestamp=5670960914L, motion=False)
[2013-08-18 12:57:39.737617 +0000]  stbt-run: No motion found: MotionResult(timestamp=5704294248L, motion=False)
[2013-08-18 12:57:39.758084 +0000]  stbt-run: No motion found: MotionResult(timestamp=5737627581L, motion=False)
[2013-08-18 12:57:39.794784 +0000]  stbt-run: No motion found: MotionResult(timestamp=5770960914L, motion=False)
[2013-08-18 12:57:39.832817 +0000]  stbt-run: No motion found: MotionResult(timestamp=5804294248L, motion=False)
[2013-08-18 12:57:39.855876 +0000]  stbt-run: No motion found: MotionResult(timestamp=5837627581L, motion=False)
[2013-08-18 12:57:39.893354 +0000]  stbt-run: No motion found: MotionResult(timestamp=5870960914L, motion=False)
[2013-08-18 12:57:39.930287 +0000]  stbt-run: No motion found: MotionResult(timestamp=5904294248L, motion=False)
[2013-08-18 12:57:39.968825 +0000]  stbt-run: No motion found: MotionResult(timestamp=5937627581L, motion=False)
[2013-08-18 12:57:39.989022 +0000]  stbt-run: No motion found: MotionResult(timestamp=5970960914L, motion=False)
[2013-08-18 12:57:40.025747 +0000]  stbt-run: No motion found: MotionResult(timestamp=6004294248L, motion=False)
[2013-08-18 12:57:40.063753 +0000]  stbt-run: No motion found: MotionResult(timestamp=6037627581L, motion=False)
[2013-08-18 12:57:40.101692 +0000]  stbt-run: No motion found: MotionResult(timestamp=6070960914L, motion=False)
[2013-08-18 12:57:40.122441 +0000]  stbt-run: No motion found: MotionResult(timestamp=6104294248L, motion=False)
[2013-08-18 12:57:40.160065 +0000]  stbt-run: No motion found: MotionResult(timestamp=6137627581L, motion=False)
[2013-08-18 12:57:40.199086 +0000]  stbt-run: No motion found: MotionResult(timestamp=6170960914L, motion=False)
[2013-08-18 12:57:40.238034 +0000]  stbt-run: No motion found: MotionResult(timestamp=6204294248L, motion=False)
[2013-08-18 12:57:40.258947 +0000]  stbt-run: No motion found: MotionResult(timestamp=6237627581L, motion=False)
[2013-08-18 12:57:40.297307 +0000]  stbt-run: No motion found: MotionResult(timestamp=6270960914L, motion=False)
[2013-08-18 12:57:40.334782 +0000]  stbt-run: No motion found: MotionResult(timestamp=6304294248L, motion=False)
[2013-08-18 12:57:40.355183 +0000]  stbt-run: No motion found: MotionResult(timestamp=6337627581L, motion=False)
[2013-08-18 12:57:40.392917 +0000]  stbt-run: No motion found: MotionResult(timestamp=6370960914L, motion=False)
[2013-08-18 12:57:40.431128 +0000]  stbt-run: No motion found: MotionResult(timestamp=6404294248L, motion=False)
[2013-08-18 12:57:40.469942 +0000]  stbt-run: No motion found: MotionResult(timestamp=6437627581L, motion=False)
[2013-08-18 12:57:40.490257 +0000]  stbt-run: No motion found: MotionResult(timestamp=6470960914L, motion=False)
[2013-08-18 12:57:40.529512 +0000]  stbt-run: No motion found: MotionResult(timestamp=6504294248L, motion=False)
[2013-08-18 12:57:40.566503 +0000]  stbt-run: No motion found: MotionResult(timestamp=6537627581L, motion=False)
[2013-08-18 12:57:40.588667 +0000]  stbt-run: No motion found: MotionResult(timestamp=6570960914L, motion=False)
[2013-08-18 12:57:40.626084 +0000]  stbt-run: No motion found: MotionResult(timestamp=6604294248L, motion=False)
[2013-08-18 12:57:40.666375 +0000]  stbt-run: No motion found: MotionResult(timestamp=6637627581L, motion=False)
[2013-08-18 12:57:40.688848 +0000]  stbt-run: No motion found: MotionResult(timestamp=6670960914L, motion=False)
[2013-08-18 12:57:40.727506 +0000]  stbt-run: No motion found: MotionResult(timestamp=6704294248L, motion=False)
[2013-08-18 12:57:40.766319 +0000]  stbt-run: No motion found: MotionResult(timestamp=6737627581L, motion=False)
[2013-08-18 12:57:40.788708 +0000]  stbt-run: No motion found: MotionResult(timestamp=6770960914L, motion=False)
[2013-08-18 12:57:40.826253 +0000]  stbt-run: No motion found: MotionResult(timestamp=6804294248L, motion=False)
[2013-08-18 12:57:40.863329 +0000]  stbt-run: No motion found: MotionResult(timestamp=6837627581L, motion=False)
[2013-08-18 12:57:40.901950 +0000]  stbt-run: No motion found: MotionResult(timestamp=6870960914L, motion=False)
[2013-08-18 12:57:40.922601 +0000]  stbt-run: No motion found: MotionResult(timestamp=6904294248L, motion=False)
[2013-08-18 12:57:40.960324 +0000]  stbt-run: No motion found: MotionResult(timestamp=6937627581L, motion=False)
[2013-08-18 12:57:40.999464 +0000]  stbt-run: No motion found: MotionResult(timestamp=6970960914L, motion=False)
[2013-08-18 12:57:41.037308 +0000]  stbt-run: No motion found: MotionResult(timestamp=7004294248L, motion=False)
[2013-08-18 12:57:41.058796 +0000]  stbt-run: No motion found: MotionResult(timestamp=7037627581L, motion=False)
[2013-08-18 12:57:41.097298 +0000]  stbt-run: No motion found: MotionResult(timestamp=7070960914L, motion=False)
[2013-08-18 12:57:41.136257 +0000]  stbt-run: No motion found: MotionResult(timestamp=7104294248L, motion=False)
[2013-08-18 12:57:41.156182 +0000]  stbt-run: No motion found: MotionResult(timestamp=7137627581L, motion=False)
[2013-08-18 12:57:41.195788 +0000]  stbt-run: No motion found: MotionResult(timestamp=7170960914L, motion=False)
[2013-08-18 12:57:41.232785 +0000]  stbt-run: No motion found: MotionResult(timestamp=7204294248L, motion=False)
[2013-08-18 12:57:41.257674 +0000]  stbt-run: No motion found: MotionResult(timestamp=7237627581L, motion=False)
[2013-08-18 12:57:41.296286 +0000]  stbt-run: No motion found: MotionResult(timestamp=7270960914L, motion=False)
[2013-08-18 12:57:41.333806 +0000]  stbt-run: No motion found: MotionResult(timestamp=7304294248L, motion=False)
[2013-08-18 12:57:41.355784 +0000]  stbt-run: No motion found: MotionResult(timestamp=7337627581L, motion=False)
[2013-08-18 12:57:41.393481 +0000]  stbt-run: No motion found: MotionResult(timestamp=7370960914L, motion=False)
[2013-08-18 12:57:41.431705 +0000]  stbt-run: No motion found: MotionResult(timestamp=7404294248L, motion=False)
[2013-08-18 12:57:41.469831 +0000]  stbt-run: No motion found: MotionResult(timestamp=7437627581L, motion=False)
[2013-08-18 12:57:41.491138 +0000]  stbt-run: No motion found: MotionResult(timestamp=7470960914L, motion=False)
[2013-08-18 12:57:41.528754 +0000]  stbt-run: No motion found: MotionResult(timestamp=7504294248L, motion=False)
[2013-08-18 12:57:41.567702 +0000]  stbt-run: No motion found: MotionResult(timestamp=7537627581L, motion=False)
[2013-08-18 12:57:41.588862 +0000]  stbt-run: No motion found: MotionResult(timestamp=7570960914L, motion=False)
[2013-08-18 12:57:41.626487 +0000]  stbt-run: No motion found: MotionResult(timestamp=7604294248L, motion=False)
[2013-08-18 12:57:41.664712 +0000]  stbt-run: No motion found: MotionResult(timestamp=7637627581L, motion=False)
[2013-08-18 12:57:41.702521 +0000]  stbt-run: No motion found: MotionResult(timestamp=7670960914L, motion=False)
[2013-08-18 12:57:41.723573 +0000]  stbt-run: No motion found: MotionResult(timestamp=7704294248L, motion=False)
[2013-08-18 12:57:41.761582 +0000]  stbt-run: No motion found: MotionResult(timestamp=7737627581L, motion=False)
[2013-08-18 12:57:41.799296 +0000]  stbt-run: No motion found: MotionResult(timestamp=7770960914L, motion=False)
[2013-08-18 12:57:41.837481 +0000]  stbt-run: No motion found: MotionResult(timestamp=7804294248L, motion=False)
[2013-08-18 12:57:41.858377 +0000]  stbt-run: No motion found: MotionResult(timestamp=7837627581L, motion=False)
[2013-08-18 12:57:41.896103 +0000]  stbt-run: No motion found: MotionResult(timestamp=7870960914L, motion=False)
[2013-08-18 12:57:41.935636 +0000]  stbt-run: No motion found: MotionResult(timestamp=7904294248L, motion=False)
[2013-08-18 12:57:41.957314 +0000]  stbt-run: No motion found: MotionResult(timestamp=7937627581L, motion=False)
[2013-08-18 12:57:41.995427 +0000]  stbt-run: No motion found: MotionResult(timestamp=7970960914L, motion=False)
[2013-08-18 12:57:42.034175 +0000]  stbt-run: No motion found: MotionResult(timestamp=8004294248L, motion=False)
[2013-08-18 12:57:42.056207 +0000]  stbt-run: No motion found: MotionResult(timestamp=8037627581L, motion=False)
[2013-08-18 12:57:42.095908 +0000]  stbt-run: No motion found: MotionResult(timestamp=8070960914L, motion=False)
[2013-08-18 12:57:42.136286 +0000]  stbt-run: No motion found: MotionResult(timestamp=8104294248L, motion=False)
[2013-08-18 12:57:42.155643 +0000]  stbt-run: No motion found: MotionResult(timestamp=8137627581L, motion=False)
[2013-08-18 12:57:42.193533 +0000]  stbt-run: No motion found: MotionResult(timestamp=8170960914L, motion=False)
[2013-08-18 12:57:42.231661 +0000]  stbt-run: No motion found: MotionResult(timestamp=8204294248L, motion=False)
[2013-08-18 12:57:42.269232 +0000]  stbt-run: No motion found: MotionResult(timestamp=8237627581L, motion=False)
[2013-08-18 12:57:42.291155 +0000]  stbt-run: No motion found: MotionResult(timestamp=8270960914L, motion=False)
[2013-08-18 12:57:42.329770 +0000]  stbt-run: No motion found: MotionResult(timestamp=8304294248L, motion=False)
[2013-08-18 12:57:42.366395 +0000]  stbt-run: No motion found: MotionResult(timestamp=8337627581L, motion=False)
[2013-08-18 12:57:42.403918 +0000]  stbt-run: No motion found: MotionResult(timestamp=8370960914L, motion=False)
[2013-08-18 12:57:42.427152 +0000]  stbt-run: No motion found: MotionResult(timestamp=8404294248L, motion=False)
[2013-08-18 12:57:42.465941 +0000]  stbt-run: No motion found: MotionResult(timestamp=8437627581L, motion=False)
[2013-08-18 12:57:42.503105 +0000]  stbt-run: No motion found: MotionResult(timestamp=8470960914L, motion=False)
[2013-08-18 12:57:42.523297 +0000]  stbt-run: No motion found: MotionResult(timestamp=8504294248L, motion=False)
[2013-08-18 12:57:42.561150 +0000]  stbt-run: No motion found: MotionResult(timestamp=8537627581L, motion=False)
[2013-08-18 12:57:42.598603 +0000]  stbt-run: No motion found: MotionResult(timestamp=8570960914L, motion=False)
[2013-08-18 12:57:42.636168 +0000]  stbt-run: No motion found: MotionResult(timestamp=8604294248L, motion=False)
[2013-08-18 12:57:42.657811 +0000]  stbt-run: No motion found: MotionResult(timestamp=8637627581L, motion=False)
[2013-08-18 12:57:42.696643 +0000]  stbt-run: No motion found: MotionResult(timestamp=8670960914L, motion=False)
[2013-08-18 12:57:42.734261 +0000]  stbt-run: No motion found: MotionResult(timestamp=8704294248L, motion=False)
[2013-08-18 12:57:42.755471 +0000]  stbt-run: No motion found: MotionResult(timestamp=8737627581L, motion=False)
[2013-08-18 12:57:42.792655 +0000]  stbt-run: No motion found: MotionResult(timestamp=8770960914L, motion=False)
[2013-08-18 12:57:42.829617 +0000]  stbt-run: No motion found: MotionResult(timestamp=8804294248L, motion=False)
[2013-08-18 12:57:42.867686 +0000]  stbt-run: No motion found: MotionResult(timestamp=8837627581L, motion=False)
[2013-08-18 12:57:42.889172 +0000]  stbt-run: No motion found: MotionResult(timestamp=8870960914L, motion=False)
[2013-08-18 12:57:42.926546 +0000]  stbt-run: No motion found: MotionResult(timestamp=8904294248L, motion=False)
[2013-08-18 12:57:42.964331 +0000]  stbt-run: No motion found: MotionResult(timestamp=8937627581L, motion=False)
[2013-08-18 12:57:43.001628 +0000]  stbt-run: No motion found: MotionResult(timestamp=8970960914L, motion=False)
[2013-08-18 12:57:43.023125 +0000]  stbt-run: No motion found: MotionResult(timestamp=9004294248L, motion=False)
[2013-08-18 12:57:43.061533 +0000]  stbt-run: No motion found: MotionResult(timestamp=9037627581L, motion=False)
[2013-08-18 12:57:43.100217 +0000]  stbt-run: No motion found: MotionResult(timestamp=9070960914L, motion=False)
[2013-08-18 12:57:43.122082 +0000]  stbt-run: No motion found: MotionResult(timestamp=9104294248L, motion=False)
[2013-08-18 12:57:43.160094 +0000]  stbt-run: No motion found: MotionResult(timestamp=9137627581L, motion=False)
[2013-08-18 12:57:43.197209 +0000]  stbt-run: No motion found: MotionResult(timestamp=9170960914L, motion=False)
[2013-08-18 12:57:43.235663 +0000]  stbt-run: No motion found: MotionResult(timestamp=9204294248L, motion=False)
[2013-08-18 12:57:43.260222 +0000]  stbt-run: No motion found: MotionResult(timestamp=9237627581L, motion=False)
[2013-08-18 12:57:43.298950 +0000]  stbt-run: No motion found: MotionResult(timestamp=9270960914L, motion=False)
[2013-08-18 12:57:43.336089 +0000]  stbt-run: No motion found: MotionResult(timestamp=9304294248L, motion=False)
[2013-08-18 12:57:43.357452 +0000]  stbt-run: No motion found: MotionResult(timestamp=9337627581L, motion=False)
[2013-08-18 12:57:43.394587 +0000]  stbt-run: No motion found: MotionResult(timestamp=9370960914L, motion=False)
[2013-08-18 12:57:43.433168 +0000]  stbt-run: No motion found: MotionResult(timestamp=9404294248L, motion=False)
[2013-08-18 12:57:43.455211 +0000]  stbt-run: No motion found: MotionResult(timestamp=9437627581L, motion=False)
[2013-08-18 12:57:43.492340 +0000]  stbt-run: No motion found: MotionResult(timestamp=9470960914L, motion=False)
[2013-08-18 12:57:43.529845 +0000]  stbt-run: No motion found: MotionResult(timestamp=9504294248L, motion=False)
[2013-08-18 12:57:43.566772 +0000]  stbt-run: No motion found: MotionResult(timestamp=9537627581L, motion=False)
[2013-08-18 12:57:43.588370 +0000]  stbt-run: No motion found: MotionResult(timestamp=9570960914L, motion=False)
[2013-08-18 12:57:43.627167 +0000]  stbt-run: No motion found: MotionResult(timestamp=9604294248L, motion=False)
[2013-08-18 12:57:43.665676 +0000]  stbt-run: No motion found: MotionResult(timestamp=9637627581L, motion=False)
[2013-08-18 12:57:43.704004 +0000]  stbt-run: No motion found: MotionResult(timestamp=9670960914L, motion=False)
[2013-08-18 12:57:43.724975 +0000]  stbt-run: No motion found: MotionResult(timestamp=9704294248L, motion=False)
[2013-08-18 12:57:43.763286 +0000]  stbt-run: No motion found: MotionResult(timestamp=9737627581L, motion=False)
[2013-08-18 12:57:43.801862 +0000]  stbt-run: No motion found: MotionResult(timestamp=9770960914L, motion=False)
[2013-08-18 12:57:43.822126 +0000]  stbt-run: No motion found: MotionResult(timestamp=9804294248L, motion=False)
[2013-08-18 12:57:43.861121 +0000]  stbt-run: No motion found: MotionResult(timestamp=9837627581L, motion=False)
[2013-08-18 12:57:43.899292 +0000]  stbt-run: No motion found: MotionResult(timestamp=9870960914L, motion=False)
[2013-08-18 12:57:43.936875 +0000]  stbt-run: No motion found: MotionResult(timestamp=9904294248L, motion=False)
[2013-08-18 12:57:43.958176 +0000]  stbt-run: No motion found: MotionResult(timestamp=9937627581L, motion=False)
[2013-08-18 12:57:43.994716 +0000]  stbt-run: No motion found: MotionResult(timestamp=9970960914L, motion=False)
[2013-08-18 12:57:44.033565 +0000]  stbt-run: No motion found: MotionResult(timestamp=10004294248L, motion=False)
[2013-08-18 12:57:44.054931 +0000]  stbt-run: No motion found: MotionResult(timestamp=10037627581L, motion=False)
[2013-08-18 12:57:44.093039 +0000]  stbt-run: No motion found: MotionResult(timestamp=10070960914L, motion=False)
[2013-08-18 12:57:44.131338 +0000]  stbt-run: No motion found: MotionResult(timestamp=10104294248L, motion=False)
[2013-08-18 12:57:44.168815 +0000]  stbt-run: No motion found: MotionResult(timestamp=10137627581L, motion=False)
[2013-08-18 12:57:44.190570 +0000]  stbt-run: No motion found: MotionResult(timestamp=10170960914L, motion=False)
[2013-08-18 12:57:44.227884 +0000]  stbt-run: No motion found: MotionResult(timestamp=10204294248L, motion=False)
[2013-08-18 12:57:44.264452 +0000]  stbt-run: No motion found: MotionResult(timestamp=10237627581L, motion=False)
[2013-08-18 12:57:44.302782 +0000]  stbt-run: No motion found: MotionResult(timestamp=10270960914L, motion=False)
[2013-08-18 12:57:44.323079 +0000]  stbt-run: No motion found: MotionResult(timestamp=10304294248L, motion=False)
[2013-08-18 12:57:44.360159 +0000]  stbt-run: No motion found: MotionResult(timestamp=10337627581L, motion=False)
[2013-08-18 12:57:44.398915 +0000]  stbt-run: No motion found: MotionResult(timestamp=10370960914L, motion=False)
[2013-08-18 12:57:44.436614 +0000]  stbt-run: No motion found: MotionResult(timestamp=10404294248L, motion=False)
[2013-08-18 12:57:44.458220 +0000]  stbt-run: No motion found: MotionResult(timestamp=10437627581L, motion=False)
[2013-08-18 12:57:44.494650 +0000]  stbt-run: No motion found: MotionResult(timestamp=10470960914L, motion=False)
[2013-08-18 12:57:44.532040 +0000]  stbt-run: No motion found: MotionResult(timestamp=10504294248L, motion=False)
[2013-08-18 12:57:44.570063 +0000]  stbt-run: No motion found: MotionResult(timestamp=10537627581L, motion=False)
[2013-08-18 12:57:44.591497 +0000]  stbt-run: No motion found: MotionResult(timestamp=10570960914L, motion=False)
[2013-08-18 12:57:44.629078 +0000]  stbt-run: No motion found: MotionResult(timestamp=10604294248L, motion=False)
[2013-08-18 12:57:44.666634 +0000]  stbt-run: No motion found: MotionResult(timestamp=10637627581L, motion=False)
[2013-08-18 12:57:44.703234 +0000]  stbt-run: No motion found: MotionResult(timestamp=10670960914L, motion=False)
[2013-08-18 12:57:44.725837 +0000]  stbt-run: No motion found: MotionResult(timestamp=10704294248L, motion=False)
[2013-08-18 12:57:44.763227 +0000]  stbt-run: No motion found: MotionResult(timestamp=10737627581L, motion=False)
[2013-08-18 12:57:44.801507 +0000]  stbt-run: No motion found: MotionResult(timestamp=10770960914L, motion=False)
[2013-08-18 12:57:44.821902 +0000]  stbt-run: No motion found: MotionResult(timestamp=10804294248L, motion=False)
[2013-08-18 12:57:44.859776 +0000]  stbt-run: No motion found: MotionResult(timestamp=10837627581L, motion=False)
[2013-08-18 12:57:44.899897 +0000]  stbt-run: No motion found: MotionResult(timestamp=10870960914L, motion=False)
[2013-08-18 12:57:44.938069 +0000]  stbt-run: No motion found: MotionResult(timestamp=10904294248L, motion=False)
[2013-08-18 12:57:44.958813 +0000]  stbt-run: No motion found: MotionResult(timestamp=10937627581L, motion=False)
[2013-08-18 12:57:44.996594 +0000]  stbt-run: No motion found: MotionResult(timestamp=10970960914L, motion=False)
[2013-08-18 12:57:45.036736 +0000]  stbt-run: No motion found: MotionResult(timestamp=11004294248L, motion=False)
[2013-08-18 12:57:45.057824 +0000]  stbt-run: No motion found: MotionResult(timestamp=11037627581L, motion=False)
[2013-08-18 12:57:45.094968 +0000]  stbt-run: No motion found: MotionResult(timestamp=11070960914L, motion=False)
[2013-08-18 12:57:45.137652 +0000]  stbt-run: No motion found: MotionResult(timestamp=11104294248L, motion=False)
[2013-08-18 12:57:45.156871 +0000]  stbt-run: No motion found: MotionResult(timestamp=11137627581L, motion=False)
[2013-08-18 12:57:45.197699 +0000]  stbt-run: No motion found: MotionResult(timestamp=11170960914L, motion=False)
[2013-08-18 12:57:45.223128 +0000]  stbt-run: No motion found: MotionResult(timestamp=11204294248L, motion=False)
[2013-08-18 12:57:45.265145 +0000]  stbt-run: No motion found: MotionResult(timestamp=11237627581L, motion=False)
[2013-08-18 12:57:45.291764 +0000]  stbt-run: No motion found: MotionResult(timestamp=11270960914L, motion=False)
[2013-08-18 12:57:45.330406 +0000]  stbt-run: No motion found: MotionResult(timestamp=11304294248L, motion=False)
[2013-08-18 12:57:45.371213 +0000]  stbt-run: No motion found: MotionResult(timestamp=11337627581L, motion=False)
[2013-08-18 12:57:45.397430 +0000]  stbt-run: No motion found: MotionResult(timestamp=11370960914L, motion=False)
[2013-08-18 12:57:45.435993 +0000]  stbt-run: No motion found: MotionResult(timestamp=11404294248L, motion=False)
[2013-08-18 12:57:45.456309 +0000]  stbt-run: No motion found: MotionResult(timestamp=11437627581L, motion=False)
[2013-08-18 12:57:45.493806 +0000]  stbt-run: No motion found: MotionResult(timestamp=11470960914L, motion=False)
[2013-08-18 12:57:45.532576 +0000]  stbt-run: No motion found: MotionResult(timestamp=11504294248L, motion=False)
[2013-08-18 12:57:45.570915 +0000]  stbt-run: No motion found: MotionResult(timestamp=11537627581L, motion=False)
[2013-08-18 12:57:45.592348 +0000]  stbt-run: No motion found: MotionResult(timestamp=11570960914L, motion=False)
[2013-08-18 12:57:45.632439 +0000]  stbt-run: No motion found: MotionResult(timestamp=11604294248L, motion=False)
[2013-08-18 12:57:45.655195 +0000]  stbt-run: No motion found: MotionResult(timestamp=11637627581L, motion=False)
[2013-08-18 12:57:45.692714 +0000]  stbt-run: No motion found: MotionResult(timestamp=11670960914L, motion=False)
[2013-08-18 12:57:45.730423 +0000]  stbt-run: No motion found: MotionResult(timestamp=11704294248L, motion=False)
[2013-08-18 12:57:45.766398 +0000]  stbt-run: timed out: 11737627581 - 1704294248 > 10000000000
[2013-08-18 12:57:45.805730 +0000]  Saved screenshot to 'screenshot.png'.
[2013-08-18 12:57:45.805801 +0000]  Traceback (most recent call last):
[2013-08-18 12:57:45.805852 +0000]    File "/home/vagrant/libexec/stbt/stbt-run", line 42, in <module>
[2013-08-18 12:57:45.805913 +0000]      execfile(args.script)
[2013-08-18 12:57:45.805956 +0000]    File "/home/vagrant/stb-tester.com/runner_example/test.py", line 6, in <module>
[2013-08-18 12:57:45.806004 +0000]      stbt.wait_for_motion(consecutive_frames=24)
[2013-08-18 12:57:45.806045 +0000]    File "/home/vagrant/libexec/stbt/stbt.py", line 534, in wait_for_motion
[2013-08-18 12:57:45.806105 +0000]      raise MotionTimeout(screenshot, mask, timeout_secs)
[2013-08-18 12:57:45.806162 +0000]  MotionTimeout: Didn't find motion within 10 seconds.
[2013-08-18 12:57:45.806734 +0000]  stbt-run: teardown: Sending eos
[2013-08-18 12:57:45.846289 +0000]  stbt-run: Got EOS
[2013-08-18 12:57:45.852036 +0000]  stbt-run: teardown: Exiting (GLib mainloop ok)
